<?xml version="1.0" encoding="UTF-8"?>
<!-- Generated by org.testng.reporters.JUnitXMLReporter -->
<testsuite ignored="0" hostname="Harish" failures="0" tests="4" name="Default test" time="79.5" errors="0" timestamp="2021-09-02T17:21:01 IST">
  <testcase classname="com.amazon.runner.DataDrivenSearchAmazon" name="SearchAmazon" time="21.864"/>
  <testcase classname="com.amazon.runner.DataDrivenSearchAmazon" name="SearchAmazon" time="16.453"/>
  <testcase classname="com.amazon.runner.DataDrivenSearchAmazon" name="SearchAmazon" time="18.621"/>
  <testcase classname="com.amazon.runner.DataDrivenSearchAmazon" name="SearchAmazon" time="20.584"/>
</testsuite> <!-- Default test -->
