<?xml version="1.0" encoding="UTF-8"?>
<!-- Generated by org.testng.reporters.JUnitXMLReporter -->
<testsuite ignored="0" hostname="Harish" failures="1" tests="6" name="Test" time="67.496" errors="0" timestamp="2021-09-08T20:26:55 IST">
  <testcase classname="com.amazon.runner.DataDrivenSearchAmazon" name="SearchAmazon" time="11.119"/>
  <testcase classname="com.amazon.runner.DataDrivenSearchAmazon" name="SearchAmazon" time="11.569"/>
  <testcase classname="com.amazon.runner.DataDrivenSearchAmazon" name="SearchAmazon" time="9.512"/>
  <testcase classname="com.amazon.runner.DataDrivenSearchAmazon" name="SearchAmazon" time="10.667"/>
  <testcase classname="com.amazon.runner.TestRunner" name="SearchAmazon" time="10.177"/>
  <testcase classname="com.amazon.runner.TestRunner" name="checkTitle" time="0.088">
    <failure type="java.lang.AssertionError" message="expected [Amazon.in : iphone11] but found [Amazon.in : iphone xr]">
      <![CDATA[java.lang.AssertionError: expected [Amazon.in : iphone11] but found [Amazon.in : iphone xr]
at com.amazon.runner.TestRunner.checkTitle(TestRunner.java:35)
at java.base/java.util.ArrayList.forEach(ArrayList.java:1541)
... Removed 37 stack frames]]>
    </failure>
  </testcase> <!-- checkTitle -->
</testsuite> <!-- Test -->
