-------------------------------------------------------------------------------
Test set: TestSuite
-------------------------------------------------------------------------------
Tests run: 6, Failures: 1, Errors: 0, Skipped: 0, Time elapsed: 74.523 s <<< FAILURE! - in TestSuite
com.amazon.runner.TestRunner.checkTitle  Time elapsed: 0.063 s  <<< FAILURE!
java.lang.AssertionError: expected [Amazon.in : iphone11] but found [Amazon.in : iphone 11]
	at com.amazon.runner.TestRunner.checkTitle(TestRunner.java:35)

