<?xml version="1.0" encoding="UTF-8"?>
<testsuite xmlns:xsi="http://www.w3.org/2001/XMLSchema-instance" xsi:noNamespaceSchemaLocation="https://maven.apache.org/surefire/maven-surefire-plugin/xsd/surefire-test-report-3.0.xsd" version="3.0" name="TestSuite" time="68.871" tests="6" errors="0" skipped="0" failures="1">
  <properties>
[...]
</properties>
  <testcase name="SearchAmazon[iphone 10](1)" classname="com.amazon.runner.DataDrivenSearchAmazon" time="11.211">
    <system-err><![CDATA[Starting ChromeDriver 92.0.4515.107 (87a818b10553a07434ea9e2b6dccf3cbe7895134-refs/branch-heads/4515@{#1634}) on port 44538
Only local connections are allowed.
Please see https://chromedriver.chromium.org/security-considerations for suggestions on keeping ChromeDriver safe.
ChromeDriver was started successfully.
[1631112950.636][WARNING]: This version of ChromeDriver has not been tested with Chrome version 93.
Sep 08, 2021 8:25:50 PM org.openqa.selenium.remote.ProtocolHandshake createSession
INFO: Detected dialect: W3C
]]></system-err>
  </testcase>
  <testcase name="SearchAmazon[Samsung bud](2)" classname="com.amazon.runner.DataDrivenSearchAmazon" time="11.658">
    <system-err><![CDATA[Starting ChromeDriver 92.0.4515.107 (87a818b10553a07434ea9e2b6dccf3cbe7895134-refs/branch-heads/4515@{#1634}) on port 22594
Only local connections are allowed.
Please see https://chromedriver.chromium.org/security-considerations for suggestions on keeping ChromeDriver safe.
ChromeDriver was started successfully.
[1631112965.271][WARNING]: This version of ChromeDriver has not been tested with Chrome version 93.
Sep 08, 2021 8:26:05 PM org.openqa.selenium.remote.ProtocolHandshake createSession
INFO: Detected dialect: W3C
]]></system-err>
  </testcase>
  <testcase name="SearchAmazon[nokia](3)" classname="com.amazon.runner.DataDrivenSearchAmazon" time="9.558">
    <system-err><![CDATA[Starting ChromeDriver 92.0.4515.107 (87a818b10553a07434ea9e2b6dccf3cbe7895134-refs/branch-heads/4515@{#1634}) on port 45455
Only local connections are allowed.
Please see https://chromedriver.chromium.org/security-considerations for suggestions on keeping ChromeDriver safe.
ChromeDriver was started successfully.
[1631112981.296][WARNING]: This version of ChromeDriver has not been tested with Chrome version 93.
Sep 08, 2021 8:26:21 PM org.openqa.selenium.remote.ProtocolHandshake createSession
INFO: Detected dialect: W3C
]]></system-err>
  </testcase>
  <testcase name="SearchAmazon[Pc](4)" classname="com.amazon.runner.DataDrivenSearchAmazon" time="10.712">
    <system-err><![CDATA[Starting ChromeDriver 92.0.4515.107 (87a818b10553a07434ea9e2b6dccf3cbe7895134-refs/branch-heads/4515@{#1634}) on port 17379
Only local connections are allowed.
Please see https://chromedriver.chromium.org/security-considerations for suggestions on keeping ChromeDriver safe.
ChromeDriver was started successfully.
[1631112990.781][WARNING]: This version of ChromeDriver has not been tested with Chrome version 93.
Sep 08, 2021 8:26:30 PM org.openqa.selenium.remote.ProtocolHandshake createSession
INFO: Detected dialect: W3C
]]></system-err>
  </testcase>
  <testcase name="SearchAmazon" classname="com.amazon.runner.TestRunner" time="10.231">
    <system-out><![CDATA[ INFO [main] (TestRunner.java:22)- Driver called 1
 INFO [main] (TestRunner.java:27)- Search whatever you need
 INFO [main] (TestRunner.java:29)- You clicked on search button
]]></system-out>
    <system-err><![CDATA[Starting ChromeDriver 92.0.4515.107 (87a818b10553a07434ea9e2b6dccf3cbe7895134-refs/branch-heads/4515@{#1634}) on port 11720
Only local connections are allowed.
Please see https://chromedriver.chromium.org/security-considerations for suggestions on keeping ChromeDriver safe.
ChromeDriver was started successfully.
[1631113005.869][WARNING]: This version of ChromeDriver has not been tested with Chrome version 93.
Sep 08, 2021 8:26:45 PM org.openqa.selenium.remote.ProtocolHandshake createSession
INFO: Detected dialect: W3C
]]></system-err>
  </testcase>
  <testcase name="checkTitle" classname="com.amazon.runner.TestRunner" time="0.037">
    <failure message="expected [Amazon.in : iphone11] but found [Amazon.in : iphone xr]" type="java.lang.AssertionError"><![CDATA[java.lang.AssertionError: expected [Amazon.in : iphone11] but found [Amazon.in : iphone xr]
	at com.amazon.runner.TestRunner.checkTitle(TestRunner.java:35)
]]></failure>
  </testcase>
</testsuite>